INFO  started: Metals version 0.8.0 in workspace 'C:\workspace\scala'
INFO  time: initialize in 0.87s
WARN  no build tool detected in workspace 'C:\workspace\scala'. The most common cause for this problem is that the editor was opened in the wrong working directory, for example if you use sbt then the workspace directory should contain build.sbt. 
WARN  no build target for: C:\workspace\scala\helloWorld.scala
ene 14, 2020 3:09:06 PM org.eclipse.lsp4j.jsonrpc.RemoteEndpoint handleCancellation
WARNING: Unmatched cancel notification for request id 1
INFO  shutting down Metals
INFO  started: Metals version 0.8.0 in workspace 'C:\workspace\scala'
INFO  time: initialize in 0.88s
WARN  no build tool detected in workspace 'C:\workspace\scala'. The most common cause for this problem is that the editor was opened in the wrong working directory, for example if you use sbt then the workspace directory should contain build.sbt. 
WARN  no build target for: C:\workspace\scala\helloWorld.scala
INFO  no build target: using presentation compiler with only scala-library
INFO  shutting down Metals
INFO  started: Metals version 0.8.0 in workspace 'C:\workspace\scala'
INFO  time: initialize in 0.7s
WARN  no build tool detected in workspace 'C:\workspace\scala'. The most common cause for this problem is that the editor was opened in the wrong working directory, for example if you use sbt then the workspace directory should contain build.sbt. 
WARN  no build target for: C:\workspace\scala\helloWorld.scala
INFO  shutting down Metals
INFO  started: Metals version 0.8.0 in workspace 'C:\workspace\scala'
INFO  time: initialize in 0.77s
WARN  no build tool detected in workspace 'C:\workspace\scala'. The most common cause for this problem is that the editor was opened in the wrong working directory, for example if you use sbt then the workspace directory should contain build.sbt. 
WARN  no build target for: C:\workspace\scala\HelloWorld.scala
INFO  no build target: using presentation compiler with only scala-library
INFO  compilation cancelled
WARN  no build tool detected in workspace 'C:\workspace\scala'. The most common cause for this problem is that the editor was opened in the wrong working directory, for example if you use sbt then the workspace directory should contain build.sbt. 
INFO  shutting down Metals
